<?xml version="1.0" encoding="utf-8"?><testsuites name="pytest tests"><testsuite name="pytest" errors="0" failures="0" skipped="0" tests="5" time="0.656" timestamp="2026-07-25T11:47:42.730335+00:00" hostname="agent-env-d6cd88a7-9025-4081-96ff-d25529ef9f8f"><testcase classname="tests.test_master_derating.TestExperts" name="test_experts_excludes_master" time="0.145" /><testcase classname="tests.test_master_derating.TestMasterEndpoints" name="test_counts_includes_master" time="0.166" /><testcase classname="tests.test_master_derating.TestLiveDerating" name="test_seed_danger_is_derated" time="0.050" /><testcase classname="tests.test_master_derating.TestMasterEndpoints" name="test_master_pending_returns_seed" time="0.084" /><testcase classname="tests.test_master_derating.TestMasterEndpoints" name="test_master_live_returns_seed" time="0.042" /></testsuite></testsuites>