<?xml version="1.0" encoding="utf-8"?><testsuites name="pytest tests"><testsuite name="pytest" errors="0" failures="0" skipped="0" tests="9" time="3.642" timestamp="2026-07-07T21:39:13.367355+00:00" hostname="agent-env-d6cd88a7-9025-4081-96ff-d25529ef9f8f"><testcase classname="tests.test_iter26_wins_and_hof.TestSystems" name="test_five_systems_keys" time="0.314" /><testcase classname="tests.test_iter26_wins_and_hof.TestWinsClaim" name="test_unauth_returns_401" time="0.342" /><testcase classname="tests.test_iter26_wins_and_hof.TestSystems" name="test_lock_low_total_odds" time="0.108" /><testcase classname="tests.test_iter26_wins_and_hof.TestSystems" name="test_all_selections_have_numeric_odds_and_total" time="0.287" /><testcase classname="tests.test_iter26_wins_and_hof.TestWinsClaim" name="test_bad_type_returns_400" time="0.468" /><testcase classname="tests.test_iter26_wins_and_hof.TestHallOfFame" name="test_hall_of_fame_ok" time="0.102" /><testcase classname="tests.test_iter26_wins_and_hof.TestNoLeaderboard" name="test_leaderboard_endpoint_still_exists_or_not" time="0.105" /><testcase classname="tests.test_iter26_wins_and_hof.TestWinsClaim" name="test_non_slip_rejected" time="2.358" /><testcase classname="tests.test_iter26_wins_and_hof.TestCounts" name="test_counts_shape_and_systems_five" time="0.116" /></testsuite></testsuites>