<?xml version="1.0" encoding="utf-8"?><testsuites name="pytest tests"><testsuite name="pytest" errors="0" failures="0" skipped="0" tests="7" time="16.317" timestamp="2026-07-29T13:30:41.117570+00:00" hostname="agent-env-d6cd88a7-9025-4081-96ff-d25529ef9f8f"><testcase classname="tests.test_iter45_correction" name="test_correct_requires_auth" time="0.258" /><testcase classname="tests.test_iter45_correction" name="test_correct_non_ai_tip_rejected" time="0.744" /><testcase classname="tests.test_iter45_correction" name="test_correct_ai_tip_stake_unchanged" time="14.671" /><testcase classname="tests.test_iter45_correction" name="test_regression_tips_list" time="0.324" /><testcase classname="tests.test_iter45_correction" name="test_regression_hof_empty" time="0.146" /><testcase classname="tests.test_iter45_correction" name="test_regression_no_russian_matches" time="0.114" /><testcase classname="tests.test_iter45_correction" name="test_code_expert_push_and_reserve" time="0.000" /></testsuite></testsuites>