<?xml version="1.0" encoding="utf-8"?><testsuites name="pytest tests"><testsuite name="pytest" errors="0" failures="0" skipped="0" tests="5" time="4.007" timestamp="2026-07-06T18:52:17.345688+00:00" hostname="agent-env-d6cd88a7-9025-4081-96ff-d25529ef9f8f"><testcase classname="tests.test_delete_tip.TestDeleteTip" name="test_admin_can_delete_any_tip" time="1.310" /><testcase classname="tests.test_delete_tip.TestDeleteTip" name="test_owner_can_delete_own_tip" time="0.744" /><testcase classname="tests.test_delete_tip.TestDeleteTip" name="test_non_owner_gets_403" time="1.034" /><testcase classname="tests.test_delete_tip.TestDeleteTip" name="test_delete_nonexistent_returns_404" time="0.434" /><testcase classname="tests.test_delete_tip.TestDeleteTip" name="test_delete_requires_auth" time="0.128" /></testsuite></testsuites>