<?xml version="1.0" encoding="utf-8"?><testsuites name="pytest tests"><testsuite name="pytest" errors="0" failures="1" skipped="1" tests="9" time="22.895" timestamp="2026-07-08T19:13:02.181903+00:00" hostname="agent-env-d6cd88a7-9025-4081-96ff-d25529ef9f8f"><testcase classname="tests.test_iter30_tips.TestMandatorySelfRating" name="test_post_tip_without_self_rating_returns_400" time="0.690" /><testcase classname="tests.test_iter30_tips.TestMandatorySelfRating" name="test_post_tip_self_rating_zero_returns_400" time="0.139" /><testcase classname="tests.test_iter30_tips.TestMandatorySelfRating" name="test_post_tip_with_self_rating_ok" time="5.521" /><testcase classname="tests.test_iter30_tips.TestAnalyzeMulti" name="test_analyze_text_only_no_files" time="9.394" /><testcase classname="tests.test_iter30_tips.TestAnalyzeMulti" name="test_analyze_accepts_multiple_files_field" time="0.238"><failure message="AssertionError: Multi-file analyze failed: 422 {&quot;detail&quot;:[{&quot;type&quot;:&quot;list_type&quot;,&quot;loc&quot;:[&quot;body&quot;,&quot;files&quot;],&quot;msg&quot;:&quot;Input should be a valid list&quot;,&quot;input&quot;:{&quot;filename&quot;:&quot;slip2.png&quot;,&quot;file&quot;:{&quot;_file&quot;:{},&quot;_max_size&quot;:1048576,&quot;_rolled&quot;:false,&quot;_TemporaryFileArgs&quot;:{&quot;mode&quot;:&quot;w+b&quot;,&quot;buffering&quot;:-1,&quot;suffix&quot;:null,&quot;prefix&quot;:null,&quot;encoding&quot;:null,&quot;newline&quot;:null,&quot;dir&quot;:null,&quot;errors&quot;:null}},&quot;size&quot;:72,&quot;headers&quot;:{&quot;content-disposition&quot;:&quot;form-data; name=\&quot;files\&quot;; filename=\&quot;slip&#10;assert 422 == 200&#10; +  where 422 = &lt;Response [422]&gt;.status_code">backend/tests/test_iter30_tips.py:151: in test_analyze_accepts_multiple_files_field
    assert r.status_code == 200, (
E   AssertionError: Multi-file analyze failed: 422 {"detail":[{"type":"list_type","loc":["body","files"],"msg":"Input should be a valid list","input":{"filename":"slip2.png","file":{"_file":{},"_max_size":1048576,"_rolled":false,"_TemporaryFileArgs":{"mode":"w+b","buffering":-1,"suffix":null,"prefix":null,"encoding":null,"newline":null,"dir":null,"errors":null}},"size":72,"headers":{"content-disposition":"form-data; name=\"files\"; filename=\"slip
E   assert 422 == 200
E    +  where 422 = &lt;Response [422]&gt;.status_code</failure></testcase><testcase classname="tests.test_iter30_tips.TestAiSortedByKickoff" name="test_ai_pending_sorted_by_kickoff_asc" time="0.114" /><testcase classname="tests.test_iter30_tips.TestShareImage" name="test_share_image_for_member_pending_tip" time="6.341" /><testcase classname="tests.test_iter30_tips.TestShareImage" name="test_share_image_rejects_hq_auto" time="0.251" /><testcase classname="tests.test_iter30_tips.TestComboAI" name="test_combo_ai_shape_soft" time="0.100"><skipped type="pytest.skip" message="No hq-auto parlay tips present in DB (generated by scrapers over time) — soft skip.">/app/backend/tests/test_iter30_tips.py:236: No hq-auto parlay tips present in DB (generated by scrapers over time) — soft skip.</skipped></testcase></testsuite></testsuites>