<?xml version="1.0" encoding="utf-8"?><testsuites name="pytest tests"><testsuite name="pytest" errors="0" failures="0" skipped="0" tests="11" time="3.159" timestamp="2026-07-31T05:41:12.392851+00:00" hostname="agent-env-d6cd88a7-9025-4081-96ff-d25529ef9f8f"><testcase classname="tests.test_learning_regression.TestLearningStats" name="test_get_learning_stats" time="0.267" /><testcase classname="tests.test_learning_regression.TestRegressionRoutes" name="test_root_api" time="0.266" /><testcase classname="tests.test_learning_regression.TestLearningStats" name="test_admin_learning_refresh_requires_auth" time="0.050" /><testcase classname="tests.test_learning_regression.TestRegressionRoutes" name="test_master_avatar" time="0.047" /><testcase classname="tests.test_learning_regression.TestRegressionRoutes" name="test_tips_feed" time="0.051" /><testcase classname="tests.test_learning_regression.TestRegressionRoutes" name="test_login_endpoint" time="0.445" /><testcase classname="tests.test_learning_regression.TestLearningStats" name="test_admin_learning_refresh_with_admin" time="0.498" /><testcase classname="tests.test_learning_regression.TestInterpretRules" name="test_rules" time="1.697" /><testcase classname="tests.test_learning_regression.TestCodeReading" name="test_get_code_reading_public" time="0.044" /><testcase classname="tests.test_learning_regression.TestCodeReading" name="test_admin_scan_requires_auth" time="0.045" /><testcase classname="tests.test_learning_regression.TestCodeReading" name="test_admin_scan_empty_images" time="0.045" /></testsuite></testsuites>