<?xml version="1.0" encoding="utf-8"?><testsuites name="pytest tests"><testsuite name="pytest" errors="0" failures="1" skipped="0" tests="13" time="5.731" timestamp="2026-07-29T12:18:59.417443+00:00" hostname="agent-env-d6cd88a7-9025-4081-96ff-d25529ef9f8f"><testcase classname="tests.test_iter44_critical.TestTranslateAnalysis" name="test_en_translation" time="5.119" /><testcase classname="tests.test_iter44_critical.TestRussiaBlock" name="test_no_russia_in_ai" time="0.302" /><testcase classname="tests.test_iter44_critical.TestRussiaBlock" name="test_no_russia_in_members" time="0.136" /><testcase classname="tests.test_iter44_critical.TestRussiaBlock" name="test_no_russia_in_live" time="0.171" /><testcase classname="tests.test_iter44_critical.TestRussiaBlock" name="test_no_russia_in_systems" time="0.168" /><testcase classname="tests.test_iter44_critical.TestRussiaBlock" name="test_no_russia_status_live" time="0.108" /><testcase classname="tests.test_iter44_critical.TestHallOfFame" name="test_hof_empty_before_aug1" time="0.122" /><testcase classname="tests.test_iter44_critical.TestHallOfFame" name="test_hof_structural_rules" time="0.101" /><testcase classname="tests.test_iter44_critical.TestPushMinStars" name="test_push_subscribe_accepts_min_stars" time="0.135" /><testcase classname="tests.test_iter44_critical.TestPushMinStars" name="test_push_preferences_accepts_min_stars" time="0.133" /><testcase classname="tests.test_iter44_critical.TestMasterDisjoint" name="test_easy_medium_disjoint" time="0.106"><failure message="AssertionError: einfach vs mittel share matches: {'fk kauno zalgiris – klaksvik', 'kairat almaty – omonia nicosia'}&#10;assert not {'fk kauno zalgiris – klaksvik', 'kairat almaty – omonia nicosia'}">backend/tests/test_iter44_critical.py:215: in test_easy_medium_disjoint
    assert not overlap, f"einfach vs mittel share matches: {overlap}"
E   AssertionError: einfach vs mittel share matches: {'fk kauno zalgiris – klaksvik', 'kairat almaty – omonia nicosia'}
E   assert not {'fk kauno zalgiris – klaksvik', 'kairat almaty – omonia nicosia'}</failure></testcase><testcase classname="tests.test_iter44_critical.TestTranslateAnalysis" name="test_el_translation" time="0.128" /><testcase classname="tests.test_iter44_critical.TestTranslateAnalysis" name="test_fr_translation" time="0.142" /></testsuite></testsuites>