<?xml version="1.0" encoding="utf-8"?><testsuites name="pytest tests"><testsuite name="pytest" errors="0" failures="0" skipped="0" tests="4" time="4.065" timestamp="2026-07-25T18:44:19.679560+00:00" hostname="agent-env-d6cd88a7-9025-4081-96ff-d25529ef9f8f"><testcase classname="tests.test_i18n_translate.TestI18nTranslate" name="test_greek_translation" time="0.271" /><testcase classname="tests.test_i18n_translate.TestI18nTranslate" name="test_greek_cache_hit_is_fast" time="0.150" /><testcase classname="tests.test_i18n_translate.TestI18nTranslate" name="test_german_returns_empty_map" time="0.133" /><testcase classname="tests.test_i18n_translate.TestI18nTranslate" name="test_french_translation" time="3.178" /></testsuite></testsuites>