<?xml version="1.0" encoding="utf-8"?><testsuites name="pytest tests"><testsuite name="pytest" errors="0" failures="0" skipped="0" tests="5" time="14.582" timestamp="2026-07-08T21:41:36.617870+00:00" hostname="agent-env-d6cd88a7-9025-4081-96ff-d25529ef9f8f"><testcase classname="tests.test_smart_idea_v2.TestSmartIdeaFixtureFlow" name="test_created_tip_has_non_empty_match_time" time="8.031" /><testcase classname="tests.test_smart_idea_v2.TestSmartIdeaValidationMultipart" name="test_too_short_text_no_files_returns_400" time="1.005" /><testcase classname="tests.test_smart_idea_v2.TestSmartIdeaValidationMultipart" name="test_empty_text_no_files_returns_400" time="0.096" /><testcase classname="tests.test_smart_idea_v2.TestSmartIdeaAuthMultipart" name="test_unauth_multipart" time="0.176" /><testcase classname="tests.test_smart_idea_v2.TestSmartIdeaFixtureFlow" name="test_no_fixture_returns_created_false" time="6.209" /></testsuite></testsuites>