<?xml version="1.0" encoding="utf-8"?><testsuites name="pytest tests"><testsuite name="pytest" errors="0" failures="0" skipped="0" tests="8" time="1.681" timestamp="2026-07-06T16:31:34.136444+00:00" hostname="agent-env-d6cd88a7-9025-4081-96ff-d25529ef9f8f"><testcase classname="tests.test_showcase_seed_v9.TestRegression" name="test_hq_login" time="0.366" /><testcase classname="tests.test_showcase_seed_v9.TestSeedShowcase" name="test_only_portugal_messi_seed_exists" time="0.144" /><testcase classname="tests.test_showcase_seed_v9.TestSeedShowcase" name="test_hacken_parlay_completely_removed" time="0.000" /><testcase classname="tests.test_showcase_seed_v9.TestSeedShowcase" name="test_portugal_messi_stake_and_winnings" time="0.000" /><testcase classname="tests.test_showcase_seed_v9.TestSeedShowcase" name="test_portugal_messi_country_league_used_for_flags" time="0.000" /><testcase classname="tests.test_showcase_seed_v9.TestSeedShowcase" name="test_seed_image_served" time="0.432" /><testcase classname="tests.test_showcase_seed_v9.TestRegression" name="test_admin_login_and_rate" time="0.577" /><testcase classname="tests.test_showcase_seed_v9.TestRegression" name="test_tips_endpoint_count" time="0.359" /></testsuite></testsuites>