<?xml version="1.0" encoding="utf-8"?><testsuites name="pytest tests"><testsuite name="pytest" errors="0" failures="0" skipped="0" tests="9" time="2.726" timestamp="2026-07-06T15:30:12.831648+00:00" hostname="agent-env-d6cd88a7-9025-4081-96ff-d25529ef9f8f"><testcase classname="tests.test_seed_showcase.TestSeedPresence" name="test_portugal_messi_seed_present" time="0.249" /><testcase classname="tests.test_seed_showcase.TestRegressionGuards" name="test_register_and_login_unaffected" time="1.032" /><testcase classname="tests.test_seed_showcase.TestSeedPresence" name="test_hacken_parlay_seed_present" time="0.226" /><testcase classname="tests.test_seed_showcase.TestHQLogin" name="test_hq_login_returns_token" time="0.331" /><testcase classname="tests.test_seed_showcase.TestHQLogin" name="test_hq_me_and_owns_seed_tips" time="0.779" /><testcase classname="tests.test_seed_showcase.TestRegressionGuards" name="test_create_tip_requires_match_time" time="0.611" /><testcase classname="tests.test_seed_showcase.TestSeedIdempotency" name="test_only_one_of_each_seeded_id" time="0.102" /><testcase classname="tests.test_seed_showcase.TestRegressionGuards" name="test_create_tip_with_match_time_succeeds" time="0.692" /><testcase classname="tests.test_seed_showcase.TestSeedImageServed" name="test_portugal_messi_image_resolves_via_files_endpoint" time="0.672" /></testsuite></testsuites>