<?xml version="1.0" encoding="utf-8"?><testsuites name="pytest tests"><testsuite name="pytest" errors="0" failures="0" skipped="0" tests="3" time="3.227" timestamp="2026-07-24T15:23:17.831896+00:00" hostname="agent-env-d6cd88a7-9025-4081-96ff-d25529ef9f8f"><testcase classname="tests.test_iter39_refactor" name="test_systems_have_banker_and_league" time="0.342" /><testcase classname="tests.test_iter39_refactor" name="test_share_image_parlay_still_renders" time="1.662" /><testcase classname="tests.test_iter39_refactor" name="test_no_500s_on_core_endpoints" time="0.834" /></testsuite></testsuites>