<?xml version="1.0" encoding="utf-8"?><testsuites name="pytest tests"><testsuite name="pytest" errors="0" failures="0" skipped="0" tests="7" time="5.057" timestamp="2026-07-30T20:32:40.581246+00:00" hostname="agent-env-d6cd88a7-9025-4081-96ff-d25529ef9f8f"><testcase classname="tests.test_iter47_master_avatar" name="test_master_avatar_endpoint" time="0.256" /><testcase classname="tests.test_iter47_master_avatar" name="test_master_avatar_seeded_teams" time="0.275" /><testcase classname="tests.test_iter47_master_avatar" name="test_goal_thirst_anti_underdog" time="3.447" /><testcase classname="tests.test_iter47_master_avatar" name="test_tips_master_slips" time="0.191" /><testcase classname="tests.test_iter47_master_avatar" name="test_tips_master_avatar" time="0.118" /><testcase classname="tests.test_iter47_master_avatar" name="test_live_honest_banger_rating" time="0.174" /><testcase classname="tests.test_iter47_master_avatar" name="test_ht_goal_forecast_dedup" time="0.160" /></testsuite></testsuites>