<?xml version="1.0" encoding="utf-8"?><testsuites name="pytest tests"><testsuite name="pytest" errors="0" failures="0" skipped="0" tests="11" time="4.185" timestamp="2026-07-18T17:54:09.361552+00:00" hostname="agent-env-d6cd88a7-9025-4081-96ff-d25529ef9f8f"><testcase classname="tests.test_iter36_live_categories.TestAsianUeber20Settlement" name="test_asian_over_2_won_at_3_plus" time="1.595" /><testcase classname="tests.test_iter36_live_categories.TestLiveCategoryFilter" name="test_all_live_no_category" time="0.234" /><testcase classname="tests.test_iter36_live_categories.TestLiveCategoryFilter" name="test_banker_returns_only_banker" time="0.105" /><testcase classname="tests.test_iter36_live_categories.TestLiveCategoryFilter" name="test_banger_returns_only_banger" time="0.180" /><testcase classname="tests.test_iter36_live_categories.TestLiveCategoryFilter" name="test_value_excludes_banker_risk_banger" time="0.107" /><testcase classname="tests.test_iter36_live_categories.TestLiveCategoryFilter" name="test_category_partitioning_consistent" time="0.442" /><testcase classname="tests.test_iter36_live_categories.TestAdminLiveRun" name="test_live_run_returns_json_and_backfills_category" time="2.472" /><testcase classname="tests.test_iter36_live_categories.TestAsianUeber20Settlement" name="test_asian_over_2_push_at_exactly_2" time="0.000" /><testcase classname="tests.test_iter36_live_categories.TestAsianUeber20Settlement" name="test_asian_over_2_lost_at_1_or_less" time="0.000" /><testcase classname="tests.test_iter36_live_categories.TestAsianUeber20Settlement" name="test_asian_over_2_pricing_reasonable" time="0.000" /><testcase classname="tests.test_iter36_live_categories.TestAdminLiveRun" name="test_live_run_requires_admin" time="0.114" /></testsuite></testsuites>