<?xml version="1.0" encoding="utf-8"?><testsuites name="pytest tests"><testsuite name="pytest" errors="0" failures="0" skipped="0" tests="9" time="31.971" timestamp="2026-07-06T15:04:51.382738+00:00" hostname="agent-env-d6cd88a7-9025-4081-96ff-d25529ef9f8f"><testcase classname="tests.test_new_rules.TestSystemPromptContainsRules" name="test_prompt_contains_stake_times_odds_rule" time="0.001" /><testcase classname="tests.test_new_rules.TestSystemPromptContainsRules" name="test_prompt_requires_date_and_time_in_match_time" time="0.000" /><testcase classname="tests.test_new_rules.TestSystemPromptContainsRules" name="test_create_tip_guard_message_matches" time="0.000" /><testcase classname="tests.test_new_rules.TestAnalyzeReturnsFullShape" name="test_analyze_response_includes_all_keys" time="10.737" /><testcase classname="tests.test_new_rules.TestMatchTimeGuard" name="test_create_tip_without_match_time_rejected" time="0.828" /><testcase classname="tests.test_new_rules.TestMatchTimeGuard" name="test_create_tip_with_whitespace_match_time_rejected" time="0.211" /><testcase classname="tests.test_new_rules.TestMatchTimeGuard" name="test_create_tip_with_match_time_succeeds" time="0.298" /><testcase classname="tests.test_new_rules.TestAnalyzeReturnsFullShape" name="test_analyze_text_only_still_returns_shape" time="9.822" /><testcase classname="tests.test_new_rules.TestRegressionSingleTip" name="test_full_single_tip_flow" time="11.040" /></testsuite></testsuites>