<?xml version="1.0" encoding="utf-8"?><testsuites name="pytest tests"><testsuite name="pytest" errors="0" failures="0" skipped="0" tests="8" time="1.840" timestamp="2026-07-07T20:52:40.153034+00:00" hostname="agent-env-d6cd88a7-9025-4081-96ff-d25529ef9f8f"><testcase classname="tests.test_iter25_odds_and_spanish.TestAIPicks" name="test_ai_pending_shape_and_ratings" time="0.180" /><testcase classname="tests.test_iter25_odds_and_spanish.TestSmartSafety" name="test_smart_tips_still_present_and_not_settled" time="1.294" /><testcase classname="tests.test_iter25_odds_and_spanish.TestAIPicks" name="test_no_500_on_various_ai_filters" time="0.324" /><testcase classname="tests.test_iter25_odds_and_spanish.TestAdminSmartRun" name="test_smart_run_returns_expected_shape" time="0.461" /><testcase classname="tests.test_iter25_odds_and_spanish.TestAdminSmartRun" name="test_smart_run_requires_admin" time="0.097" /><testcase classname="tests.test_iter25_odds_and_spanish.TestCounts" name="test_counts_keys_all_ints" time="0.120" /><testcase classname="tests.test_iter25_odds_and_spanish.TestSmartSafety" name="test_smart_source_excludes_ai_and_members" time="0.107" /><testcase classname="tests.test_iter25_odds_and_spanish.TestSystems" name="test_systems_returns_four_typed_bundles" time="0.120" /></testsuite></testsuites>