<?xml version="1.0" encoding="utf-8"?><testsuites name="pytest tests"><testsuite name="pytest" errors="0" failures="0" skipped="0" tests="22" time="6.950" timestamp="2026-07-30T21:11:01.291619+00:00" hostname="agent-env-d6cd88a7-9025-4081-96ff-d25529ef9f8f"><testcase classname="tests.test_iter48_gift_guard.TestConflictsWithGift" name="test_team_under_blocks_team_scores" time="0.001" /><testcase classname="tests.test_iter48_gift_guard" name="test_endpoint_health[/api/goal-thirst]" time="3.570" /><testcase classname="tests.test_iter48_gift_guard.TestConflictsWithGift" name="test_team_under_blocks_team_over" time="0.000" /><testcase classname="tests.test_iter48_gift_guard.TestConflictsWithGift" name="test_team_under_blocks_big_match_over" time="0.000" /><testcase classname="tests.test_iter48_gift_guard.TestConflictsWithGift" name="test_team_under_allows_other_team_scores" time="0.000" /><testcase classname="tests.test_iter48_gift_guard.TestConflictsWithGift" name="test_team_under_allows_small_match_over" time="0.000" /><testcase classname="tests.test_iter48_gift_guard.TestConflictsWithGift" name="test_match_under_blocks_match_over" time="0.000" /><testcase classname="tests.test_iter48_gift_guard.TestConflictsWithGift" name="test_match_under_blocks_big_match_over" time="0.000" /><testcase classname="tests.test_iter48_gift_guard.TestConflictsWithGift" name="test_match_under_blocks_team_trifft" time="0.000" /><testcase classname="tests.test_iter48_gift_guard.TestConflictsWithGift" name="test_match_under_allows_higher_under" time="0.000" /><testcase classname="tests.test_iter48_gift_guard.TestConflictsWithGift" name="test_team_over_asian_blocks_trifft_nicht" time="0.000" /><testcase classname="tests.test_iter48_gift_guard.TestConflictsWithGift" name="test_team_over_allows_team_over_2_5" time="0.000" /><testcase classname="tests.test_iter48_gift_guard.TestGiftUnderLean" name="test_team_under_is_under_lean" time="0.000" /><testcase classname="tests.test_iter48_gift_guard.TestGiftUnderLean" name="test_match_under_is_under_lean" time="0.000" /><testcase classname="tests.test_iter48_gift_guard.TestGiftUnderLean" name="test_team_over_is_not_under_lean" time="0.000" /><testcase classname="tests.test_iter48_gift_guard.TestGiftUnderLean" name="test_empty_is_not_under_lean" time="0.000" /><testcase classname="tests.test_iter48_gift_guard" name="test_endpoint_health[/api/ht-goal-forecast]" time="0.151" /><testcase classname="tests.test_iter48_gift_guard" name="test_endpoint_health[/api/tips?category=mental]" time="0.118" /><testcase classname="tests.test_iter48_gift_guard" name="test_endpoint_health[/api/tips?source=master&amp;mcat=slips]" time="0.195" /><testcase classname="tests.test_iter48_gift_guard" name="test_endpoint_health[/api/tips?source=master&amp;mcat=avatar]" time="0.156" /><testcase classname="tests.test_iter48_gift_guard" name="test_endpoint_health[/api/master/avatar]" time="0.119" /><testcase classname="tests.test_iter48_gift_guard" name="test_endpoint_health[/api/tips?source=ai]" time="0.143" /></testsuite></testsuites>