<?xml version="1.0" encoding="utf-8"?><testsuites name="pytest tests"><testsuite name="pytest" errors="0" failures="0" skipped="1" tests="5" time="2.171" timestamp="2026-07-24T14:29:55.188057+00:00" hostname="agent-env-d6cd88a7-9025-4081-96ff-d25529ef9f8f"><testcase classname="tests.test_iter38_discreet_share" name="test_tips_endpoint_loads" time="0.172" /><testcase classname="tests.test_iter38_discreet_share" name="test_systems_have_league_and_banker_flags" time="0.085" /><testcase classname="tests.test_iter38_discreet_share" name="test_member_combo_tips_have_per_leg_league" time="0.088" /><testcase classname="tests.test_iter38_discreet_share" name="test_share_image_endpoint_returns_webp" time="1.374" /><testcase classname="tests.test_iter38_discreet_share" name="test_share_image_rejects_hq_auto" time="0.080"><skipped type="pytest.skip" message="no hq-auto/smart tip present">/app/backend/tests/test_iter38_discreet_share.py:151: no hq-auto/smart tip present</skipped></testcase></testsuite></testsuites>