<?xml version="1.0" encoding="utf-8"?><testsuites name="pytest tests"><testsuite name="pytest" errors="0" failures="0" skipped="0" tests="18" time="10.126" timestamp="2026-07-22T14:47:17.684007+00:00" hostname="agent-env-d6cd88a7-9025-4081-96ff-d25529ef9f8f"><testcase classname="tests.test_iter37_iter38_new_sources.TestConsumersHealthy" name="test_scorers_today_ok" time="0.327" /><testcase classname="tests.test_iter37_iter38_new_sources.TestAdminAuthGuard" name="test_settle_now_requires_admin" time="0.281" /><testcase classname="tests.test_iter37_iter38_new_sources.TestAdminAuthGuard" name="test_apifootball_predictions_run_requires_admin" time="0.156" /><testcase classname="tests.test_iter37_iter38_new_sources.TestConsumersHealthy" name="test_goals_forecast_ok" time="0.161" /><testcase classname="tests.test_iter37_iter38_new_sources.TestAdminAuthGuard" name="test_statarea_run_requires_admin" time="0.105" /><testcase classname="tests.test_iter37_iter38_new_sources.TestConsumersHealthy" name="test_systems_ok" time="0.189" /><testcase classname="tests.test_iter37_iter38_new_sources.TestAdminAuthGuard" name="test_admin_visits_requires_admin" time="0.184" /><testcase classname="tests.test_iter37_iter38_new_sources.TestConsumersHealthy" name="test_source_priority_forebet_predictz_still_appear" time="0.027" /><testcase classname="tests.test_iter37_iter38_new_sources.TestStatareaRun" name="test_endpoint_returns_expected_schema" time="7.965" /><testcase classname="tests.test_iter37_iter38_new_sources.TestApiFootballPredictionsRun" name="test_endpoint_returns_expected_schema" time="3.545" /><testcase classname="tests.test_iter37_iter38_new_sources.TestApiFootballPredictionsRun" name="test_predictions_stored_with_source_apifootball" time="0.005" /><testcase classname="tests.test_iter37_iter38_new_sources.TestGraderUnit" name="test_full_name_key_disambiguates_same_last_name" time="1.778" /><testcase classname="tests.test_iter37_iter38_new_sources.TestGraderUnit" name="test_sot_line_0_needs_at_least_one" time="0.000" /><testcase classname="tests.test_iter37_iter38_new_sources.TestAdminVisitsSchema" name="test_schema_has_expected_fields" time="0.155" /><testcase classname="tests.test_iter37_iter38_new_sources.TestPlayerPropSettlement" name="test_settle_now_grades_scorer_won_and_sot_lost" time="2.431" /><testcase classname="tests.test_iter37_iter38_new_sources.TestStatareaRun" name="test_predictions_stored_with_source_statarea" time="0.004" /><testcase classname="tests.test_iter37_iter38_new_sources.TestVisitTracking" name="test_admin_visit_does_not_increase_unique" time="0.340" /><testcase classname="tests.test_iter37_iter38_new_sources.TestVisitTracking" name="test_anonymous_visit_increases_unique" time="0.366" /></testsuite></testsuites>