<?xml version="1.0" encoding="utf-8"?><testsuites name="pytest tests"><testsuite name="pytest" errors="0" failures="0" skipped="0" tests="8" time="3.918" timestamp="2026-07-07T00:30:30.102188+00:00" hostname="agent-env-d6cd88a7-9025-4081-96ff-d25529ef9f8f"><testcase classname="tests.test_auth_optional_email.TestForebetAutopost" name="test_forebet_tip_on_wall" time="0.179" /><testcase classname="tests.test_auth_optional_email.TestAuthOptionalEmail" name="test_register_without_email" time="0.447" /><testcase classname="tests.test_auth_optional_email.TestAuthOptionalEmail" name="test_register_with_email" time="0.329" /><testcase classname="tests.test_auth_optional_email.TestAuthOptionalEmail" name="test_multiple_email_less_accounts" time="0.643" /><testcase classname="tests.test_auth_optional_email.TestAuthOptionalEmail" name="test_duplicate_username_rejected" time="0.480" /><testcase classname="tests.test_auth_optional_email.TestAuthOptionalEmail" name="test_login_by_username" time="0.677" /><testcase classname="tests.test_auth_optional_email.TestAuthOptionalEmail" name="test_login_by_email" time="0.654" /><testcase classname="tests.test_auth_optional_email.TestAuthOptionalEmail" name="test_admin_login_by_email_still_works" time="0.325" /></testsuite></testsuites>