<?xml version="1.0" encoding="utf-8"?><testsuites name="pytest tests"><testsuite name="pytest" errors="0" failures="0" skipped="0" tests="47" time="21.477" timestamp="2026-07-06T14:02:04.628624+00:00" hostname="agent-env-d6cd88a7-9025-4081-96ff-d25529ef9f8f"><testcase classname="tests.backend_test.TestAuth" name="test_root" time="0.177" /><testcase classname="tests.backend_test.TestAuth" name="test_register_returns_token_and_welcome_credits" time="0.328" /><testcase classname="tests.backend_test.TestAuth" name="test_login_success" time="0.322" /><testcase classname="tests.backend_test.TestAuth" name="test_login_invalid" time="0.102" /><testcase classname="tests.backend_test.TestAuth" name="test_me_requires_bearer" time="0.210" /><testcase classname="tests.backend_test.TestAuth" name="test_profile_update_username_and_lang" time="0.232" /><testcase classname="tests.backend_test.TestAuth" name="test_username_uniqueness_enforced" time="0.445" /><testcase classname="tests.backend_test.TestTips" name="test_analyze_returns_shape" time="10.318" /><testcase classname="tests.backend_test.TestTips" name="test_create_tip_persisted" time="0.178" /><testcase classname="tests.backend_test.TestTips" name="test_list_pending_new" time="0.107" /><testcase classname="tests.backend_test.TestTips" name="test_list_sort_hype" time="0.108" /><testcase classname="tests.backend_test.TestTips" name="test_list_sort_top" time="0.112" /><testcase classname="tests.backend_test.TestRating" name="test_rate_new" time="0.109" /><testcase classname="tests.backend_test.TestRating" name="test_rate_again_no_double_count" time="0.113" /><testcase classname="tests.backend_test.TestRating" name="test_rate_bounds" time="0.104" /><testcase classname="tests.backend_test.TestRating" name="test_rate_unknown_tip" time="0.113" /><testcase classname="tests.backend_test.TestAdmin" name="test_settle_won_as_admin" time="0.429" /><testcase classname="tests.backend_test.TestAdmin" name="test_settle_non_admin_forbidden" time="0.144" /><testcase classname="tests.backend_test.TestLeaderboard" name="test_leaderboard_shape" time="0.116" /><testcase classname="tests.backend_test.TestCredits" name="test_packages" time="0.098" /><testcase classname="tests.backend_test.TestCredits" name="test_checkout_uses_eur_currency" time="0.518" /><testcase classname="tests.backend_test.TestCredits" name="test_gift_flow" time="0.404" /><testcase classname="tests.backend_test.TestCredits" name="test_gift_yourself_errors" time="0.205" /><testcase classname="tests.backend_test.TestCredits" name="test_gift_insufficient_balance" time="0.198" /><testcase classname="tests.backend_test.TestCredits" name="test_redeem_below_threshold" time="0.102" /><testcase classname="tests.backend_test.TestNotifications" name="test_subscribe_no_auth" time="0.104" /><testcase classname="tests.backend_test.TestNotifications" name="test_stats" time="0.116" /><testcase classname="tests.backend_test.TestNotifications" name="test_unsubscribe" time="0.096" /><testcase classname="tests.backend_test.TestReferralAndVerify" name="test_registration_returns_referral_code_and_unverified" time="0.322" /><testcase classname="tests.backend_test.TestReferralAndVerify" name="test_full_referral_reward_flow" time="1.305" /><testcase classname="tests.backend_test.TestReferralAndVerify" name="test_verify_invalid_token" time="0.145" /><testcase classname="tests.backend_test.TestReferralAndVerify" name="test_self_referral_does_not_reward" time="0.431" /><testcase classname="tests.backend_test.TestReferralAndVerify" name="test_resend_verification_dev_mode" time="0.425" /><testcase classname="tests.backend_test.TestReferralAndVerify" name="test_resend_verification_already_verified" time="0.543" /><testcase classname="tests.backend_test.TestReferralAndVerify" name="test_admin_grandfathered_email_verified" time="0.110" /><testcase classname="tests.backend_test.TestStatsAndRedeem" name="test_stats_shape" time="0.124" /><testcase classname="tests.backend_test.TestStatsAndRedeem" name="test_redeem_below_10000_errors" time="0.105" /><testcase classname="tests.backend_test.TestSettleIdle" name="test_settle_now_returns_ok_false_without_key" time="0.101" /><testcase classname="tests.backend_test.TestListingLimitsAndSort" name="test_tips_limit_respected" time="0.447" /><testcase classname="tests.backend_test.TestListingLimitsAndSort" name="test_tips_limit_capped_at_100" time="0.115" /><testcase classname="tests.backend_test.TestListingLimitsAndSort" name="test_tips_sort_new_desc" time="0.102" /><testcase classname="tests.backend_test.TestListingLimitsAndSort" name="test_tips_sort_top_desc" time="0.099" /><testcase classname="tests.backend_test.TestListingLimitsAndSort" name="test_tips_sort_hype_desc" time="0.101" /><testcase classname="tests.backend_test.TestMyTips" name="test_requires_auth" time="0.097" /><testcase classname="tests.backend_test.TestMyTips" name="test_returns_only_current_user_tips_sorted" time="0.333" /><testcase classname="tests.backend_test.TestCreditTransactions" name="test_requires_auth" time="0.120" /><testcase classname="tests.backend_test.TestCreditTransactions" name="test_returns_user_transactions_sorted_capped" time="0.768" /></testsuite></testsuites>