<?xml version="1.0" encoding="utf-8"?><testsuites name="pytest tests"><testsuite name="pytest" errors="0" failures="0" skipped="0" tests="38" time="16.731" timestamp="2026-07-06T11:14:56.034463+00:00" hostname="agent-env-d6cd88a7-9025-4081-96ff-d25529ef9f8f"><testcase classname="tests.backend_test.TestAuth" name="test_root" time="0.259" /><testcase classname="tests.backend_test.TestAuth" name="test_register_returns_token_and_welcome_credits" time="0.324" /><testcase classname="tests.backend_test.TestAuth" name="test_login_success" time="0.324" /><testcase classname="tests.backend_test.TestAuth" name="test_login_invalid" time="0.096" /><testcase classname="tests.backend_test.TestAuth" name="test_me_requires_bearer" time="0.188" /><testcase classname="tests.backend_test.TestAuth" name="test_profile_update_username_and_lang" time="0.211" /><testcase classname="tests.backend_test.TestAuth" name="test_username_uniqueness_enforced" time="0.453" /><testcase classname="tests.backend_test.TestTips" name="test_analyze_returns_shape" time="7.802" /><testcase classname="tests.backend_test.TestTips" name="test_create_tip_persisted" time="0.159" /><testcase classname="tests.backend_test.TestTips" name="test_list_pending_new" time="0.107" /><testcase classname="tests.backend_test.TestTips" name="test_list_sort_hype" time="0.096" /><testcase classname="tests.backend_test.TestTips" name="test_list_sort_top" time="0.099" /><testcase classname="tests.backend_test.TestRating" name="test_rate_new" time="0.137" /><testcase classname="tests.backend_test.TestRating" name="test_rate_again_no_double_count" time="0.100" /><testcase classname="tests.backend_test.TestRating" name="test_rate_bounds" time="0.097" /><testcase classname="tests.backend_test.TestRating" name="test_rate_unknown_tip" time="0.097" /><testcase classname="tests.backend_test.TestAdmin" name="test_settle_won_as_admin" time="0.415" /><testcase classname="tests.backend_test.TestAdmin" name="test_settle_non_admin_forbidden" time="0.106" /><testcase classname="tests.backend_test.TestLeaderboard" name="test_leaderboard_shape" time="0.096" /><testcase classname="tests.backend_test.TestCredits" name="test_packages" time="0.100" /><testcase classname="tests.backend_test.TestCredits" name="test_checkout_uses_eur_currency" time="0.584" /><testcase classname="tests.backend_test.TestCredits" name="test_gift_flow" time="0.571" /><testcase classname="tests.backend_test.TestCredits" name="test_gift_yourself_errors" time="0.188" /><testcase classname="tests.backend_test.TestCredits" name="test_gift_insufficient_balance" time="0.192" /><testcase classname="tests.backend_test.TestCredits" name="test_redeem_below_threshold" time="0.093" /><testcase classname="tests.backend_test.TestNotifications" name="test_subscribe_no_auth" time="0.095" /><testcase classname="tests.backend_test.TestNotifications" name="test_stats" time="0.098" /><testcase classname="tests.backend_test.TestNotifications" name="test_unsubscribe" time="0.107" /><testcase classname="tests.backend_test.TestReferralAndVerify" name="test_registration_returns_referral_code_and_unverified" time="0.323" /><testcase classname="tests.backend_test.TestReferralAndVerify" name="test_full_referral_reward_flow" time="1.233" /><testcase classname="tests.backend_test.TestReferralAndVerify" name="test_verify_invalid_token" time="0.114" /><testcase classname="tests.backend_test.TestReferralAndVerify" name="test_self_referral_does_not_reward" time="0.432" /><testcase classname="tests.backend_test.TestReferralAndVerify" name="test_resend_verification_dev_mode" time="0.424" /><testcase classname="tests.backend_test.TestReferralAndVerify" name="test_resend_verification_already_verified" time="0.516" /><testcase classname="tests.backend_test.TestReferralAndVerify" name="test_admin_grandfathered_email_verified" time="0.092" /><testcase classname="tests.backend_test.TestStatsAndRedeem" name="test_stats_shape" time="0.095" /><testcase classname="tests.backend_test.TestStatsAndRedeem" name="test_redeem_below_10000_errors" time="0.093" /><testcase classname="tests.backend_test.TestSettleIdle" name="test_settle_now_returns_ok_false_without_key" time="0.093" /></testsuite></testsuites>