<?xml version="1.0" encoding="utf-8"?><testsuites name="pytest tests"><testsuite name="pytest" errors="0" failures="0" skipped="0" tests="9" time="4.813" timestamp="2026-07-07T20:04:27.498012+00:00" hostname="agent-env-d6cd88a7-9025-4081-96ff-d25529ef9f8f"><testcase classname="tests.test_smart_bets.TestAdminSmart" name="test_smart_run_requires_auth" time="0.298" /><testcase classname="tests.test_smart_bets.TestAdminSmart" name="test_smart_reset_requires_auth" time="0.227" /><testcase classname="tests.test_smart_bets.TestSmartTips" name="test_source_smart_returns_only_smart" time="4.127" /><testcase classname="tests.test_smart_bets.TestAdminSmart" name="test_smart_run_admin" time="0.531" /><testcase classname="tests.test_smart_bets.TestAdminSmart" name="test_smart_reset_admin" time="0.137" /><testcase classname="tests.test_smart_bets.TestCounts" name="test_counts_returns_smart_key" time="0.171" /><testcase classname="tests.test_smart_bets.TestSmartTips" name="test_source_members_excludes_smart_and_hqauto" time="0.106" /><testcase classname="tests.test_smart_bets.TestWonLostRegression" name="test_won_ai_returns_settled" time="0.119" /><testcase classname="tests.test_smart_bets.TestWonLostRegression" name="test_lost_returns_lost" time="0.133" /></testsuite></testsuites>