<?xml version="1.0" encoding="utf-8"?><testsuites name="pytest tests"><testsuite name="pytest" errors="0" failures="0" skipped="0" tests="6" time="12.956" timestamp="2026-07-08T21:27:12.861129+00:00" hostname="agent-env-d6cd88a7-9025-4081-96ff-d25529ef9f8f"><testcase classname="tests.test_smart_idea.TestSmartIdeaValidation" name="test_smart_idea_too_short" time="0.727" /><testcase classname="tests.test_smart_idea.TestAdminSmartIdeas" name="test_admin_list_smart_ideas" time="0.890" /><testcase classname="tests.test_smart_idea.TestSmartIdeaValidation" name="test_smart_idea_empty" time="0.101" /><testcase classname="tests.test_smart_idea.TestSmartIdeaAuth" name="test_smart_idea_unauth_rejected" time="0.112" /><testcase classname="tests.test_smart_idea.TestAdminSmartIdeas" name="test_admin_list_smart_ideas_unauth" time="0.139" /><testcase classname="tests.test_smart_idea.TestSmartIdeaFlow" name="test_submit_idea_creates_smart_tip" time="11.586" /></testsuite></testsuites>